<?xml version="1.0" encoding="UTF-8"?>
<!-- Generated by org.testng.reporters.JUnitXMLReporter -->
<testsuite ignored="2" hostname="junnu" failures="0" tests="3" name="Default test" time="46.184" errors="0" timestamp="2024-03-24T21:19:56 IST">
  <testcase classname="com.app.tests.ApplicationTests" name="verifySignup" time="10.414"/>
  <testcase classname="com.app.tests.ApplicationTests" name="verifySignup" time="9.46"/>
  <testcase classname="com.app.tests.ApplicationTests" name="verifySignup" time="9.34"/>
  <testcase classname="com.app.tests.ApplicationTests" name="verifyHomePage" time="0.0">
    <ignored/>
  </testcase> <!-- verifyHomePage -->
  <testcase classname="com.app.tests.ApplicationTests" name="verifyAppLogin" time="0.0">
    <ignored/>
  </testcase> <!-- verifyAppLogin -->
</testsuite> <!-- Default test -->
