<?xml version="1.0" encoding="UTF-8"?>
<!-- Generated by org.testng.reporters.JUnitXMLReporter -->
<testsuite ignored="2" hostname="junnu" failures="0" tests="1" name="Default test" time="15.33" errors="0" timestamp="2024-03-24T20:31:47 IST">
  <testcase classname="com.app.tests.ApplicationTests" name="verifySignup" time="9.334"/>
  <testcase classname="com.app.tests.ApplicationTests" name="verifyAppLogin" time="0.0">
    <ignored/>
  </testcase> <!-- verifyAppLogin -->
  <testcase classname="com.app.tests.ApplicationTests" name="verifyHomePage" time="0.0">
    <ignored/>
  </testcase> <!-- verifyHomePage -->
</testsuite> <!-- Default test -->
