<?xml version="1.0" encoding="UTF-8"?>
<!-- Generated by org.testng.reporters.JUnitXMLReporter -->
<testsuite ignored="0" hostname="junnu" failures="0" tests="4" name="LoginCheck" time="0.046" errors="0" timestamp="2024-03-03T21:30:00 IST">
  <testcase classname="com.testng.demo.TestNgAnnotationsDemo2" name="tc1Demo2" time="0.004"/>
  <testcase classname="com.testng.demo.TestNgAnnotationsDemo2" name="tc2Demo2" time="0.003"/>
  <testcase classname="com.testng.demo.TestNgAnnotationsDemo3" name="tc1Demo3" time="0.001"/>
  <testcase classname="com.testng.demo.TestNgAnnotationsDemo3" name="tc2Demo3" time="0.002"/>
</testsuite> <!-- LoginCheck -->
