<?xml version="1.0" encoding="UTF-8"?>
<!-- Generated by org.testng.reporters.JUnitXMLReporter -->
<testsuite ignored="2" hostname="junnu" failures="0" tests="2" name="LoginCheck" time="0.046" errors="0" timestamp="2024-02-25T22:01:21 IST">
  <testcase classname="com.testng.demo.GmailTest" name="gmailInValidLoginCheck" time="0.007"/>
  <testcase classname="com.testng.demo.FacebookTest" name="facebookValidLoginCheck" time="0.001"/>
  <testcase classname="com.testng.demo.FacebookTest" name="facebookInValidLoginCheck" time="0.0">
    <ignored/>
  </testcase> <!-- facebookInValidLoginCheck -->
  <testcase classname="com.testng.demo.GmailTest" name="gmailValidLoginCheck" time="0.0">
    <ignored/>
  </testcase> <!-- gmailValidLoginCheck -->
</testsuite> <!-- LoginCheck -->
