<?xml version="1.0" encoding="UTF-8"?>
<testng-results ignored="0" total="1" passed="1" failed="0" skipped="0">
  <reporter-output>
  </reporter-output>
  <suite started-at="2024-03-02T23:40:18 IST" name="Default suite" finished-at="2024-03-02T23:40:31 IST" duration-ms="13127">
    <groups>
    </groups>
    <test started-at="2024-03-02T23:40:18 IST" name="Default test" finished-at="2024-03-02T23:40:31 IST" duration-ms="13127">
      <class name="com.testng.demo.TestNGDataProviderDemo">
        <test-method signature="verifyAppLogin()[pri:0, instance:com.testng.demo.TestNGDataProviderDemo@791f145a]" started-at="2024-03-02T23:40:18 IST" name="verifyAppLogin" finished-at="2024-03-02T23:40:31 IST" duration-ms="13093" status="PASS">
          <reporter-output>
          </reporter-output>
        </test-method> <!-- verifyAppLogin -->
      </class> <!-- com.testng.demo.TestNGDataProviderDemo -->
    </test> <!-- Default test -->
  </suite> <!-- Default suite -->
</testng-results>
