<?xml version="1.0" encoding="UTF-8"?>
<testng-results ignored="2" total="5" passed="3" failed="0" skipped="0">
  <reporter-output>
  </reporter-output>
  <suite started-at="2024-03-24T21:19:09 IST" name="Default suite" finished-at="2024-03-24T21:19:56 IST" duration-ms="46184">
    <groups>
    </groups>
    <test started-at="2024-03-24T21:19:09 IST" name="Default test" finished-at="2024-03-24T21:19:56 IST" duration-ms="46184">
      <class name="com.app.tests.ApplicationTests">
        <test-method is-config="true" signature="beforeMethod()[pri:0, instance:com.app.tests.ApplicationTests@46cdf8bd]" started-at="2024-03-24T21:19:09 IST" name="beforeMethod" finished-at="2024-03-24T21:19:16 IST" duration-ms="6147" status="PASS">
          <reporter-output>
          </reporter-output>
        </test-method> <!-- beforeMethod -->
        <test-method signature="verifySignup()[pri:0, instance:com.app.tests.ApplicationTests@46cdf8bd]" started-at="2024-03-24T21:19:16 IST" name="verifySignup" finished-at="2024-03-24T21:19:26 IST" duration-ms="10414" status="PASS">
          <reporter-output>
          </reporter-output>
        </test-method> <!-- verifySignup -->
        <test-method is-config="true" signature="afterMethod()[pri:0, instance:com.app.tests.ApplicationTests@46cdf8bd]" started-at="2024-03-24T21:19:26 IST" name="afterMethod" finished-at="2024-03-24T21:19:26 IST" duration-ms="146" status="PASS">
          <reporter-output>
          </reporter-output>
        </test-method> <!-- afterMethod -->
        <test-method is-config="true" signature="beforeMethod()[pri:0, instance:com.app.tests.ApplicationTests@46cdf8bd]" started-at="2024-03-24T21:19:26 IST" name="beforeMethod" finished-at="2024-03-24T21:19:31 IST" duration-ms="4940" status="PASS">
          <reporter-output>
          </reporter-output>
        </test-method> <!-- beforeMethod -->
        <test-method signature="verifySignup()[pri:0, instance:com.app.tests.ApplicationTests@46cdf8bd]" started-at="2024-03-24T21:19:31 IST" name="verifySignup" finished-at="2024-03-24T21:19:41 IST" duration-ms="9460" status="PASS">
          <reporter-output>
          </reporter-output>
        </test-method> <!-- verifySignup -->
        <test-method is-config="true" signature="afterMethod()[pri:0, instance:com.app.tests.ApplicationTests@46cdf8bd]" started-at="2024-03-24T21:19:41 IST" name="afterMethod" finished-at="2024-03-24T21:19:41 IST" duration-ms="162" status="PASS">
          <reporter-output>
          </reporter-output>
        </test-method> <!-- afterMethod -->
        <test-method is-config="true" signature="beforeMethod()[pri:0, instance:com.app.tests.ApplicationTests@46cdf8bd]" started-at="2024-03-24T21:19:41 IST" name="beforeMethod" finished-at="2024-03-24T21:19:46 IST" duration-ms="5358" status="PASS">
          <reporter-output>
          </reporter-output>
        </test-method> <!-- beforeMethod -->
        <test-method signature="verifySignup()[pri:0, instance:com.app.tests.ApplicationTests@46cdf8bd]" started-at="2024-03-24T21:19:46 IST" name="verifySignup" finished-at="2024-03-24T21:19:55 IST" duration-ms="9340" status="PASS">
          <reporter-output>
          </reporter-output>
        </test-method> <!-- verifySignup -->
        <test-method is-config="true" signature="afterMethod()[pri:0, instance:com.app.tests.ApplicationTests@46cdf8bd]" started-at="2024-03-24T21:19:55 IST" name="afterMethod" finished-at="2024-03-24T21:19:56 IST" duration-ms="182" status="PASS">
          <reporter-output>
          </reporter-output>
        </test-method> <!-- afterMethod -->
      </class> <!-- com.app.tests.ApplicationTests -->
    </test> <!-- Default test -->
  </suite> <!-- Default suite -->
</testng-results>
